Started GET "/" for ::1 at 2022-03-21 09:12:13 -0300
  
ActiveRecord::NoDatabaseError (connection to server on socket "/tmp/.s.PGSQL.5432" failed: FATAL:  database "Proyecto_Ejemplo_development" does not exist
):
  
activerecord (6.1.5) lib/active_record/connection_adapters/postgresql_adapter.rb:81:in `rescue in new_client'
activerecord (6.1.5) lib/active_record/connection_adapters/postgresql_adapter.rb:77:in `new_client'
activerecord (6.1.5) lib/active_record/connection_adapters/postgresql_adapter.rb:37:in `postgresql_connection'
activerecord (6.1.5) lib/active_record/connection_adapters/abstract/connection_pool.rb:882:in `public_send'
activerecord (6.1.5) lib/active_record/connection_adapters/abstract/connection_pool.rb:882:in `new_connection'
activerecord (6.1.5) lib/active_record/connection_adapters/abstract/connection_pool.rb:926:in `checkout_new_connection'
activerecord (6.1.5) lib/active_record/connection_adapters/abstract/connection_pool.rb:905:in `try_to_checkout_new_connection'
activerecord (6.1.5) lib/active_record/connection_adapters/abstract/connection_pool.rb:866:in `acquire_connection'
activerecord (6.1.5) lib/active_record/connection_adapters/abstract/connection_pool.rb:588:in `checkout'
activerecord (6.1.5) lib/active_record/connection_adapters/abstract/connection_pool.rb:428:in `connection'
activerecord (6.1.5) lib/active_record/connection_adapters/abstract/connection_pool.rb:1128:in `retrieve_connection'
activerecord (6.1.5) lib/active_record/connection_handling.rb:327:in `retrieve_connection'
activerecord (6.1.5) lib/active_record/connection_handling.rb:283:in `connection'
activerecord (6.1.5) lib/active_record/migration.rb:611:in `connection'
activerecord (6.1.5) lib/active_record/migration.rb:606:in `build_watcher'
activerecord (6.1.5) lib/active_record/migration.rb:588:in `block in call'
activerecord (6.1.5) lib/active_record/migration.rb:587:in `synchronize'
activerecord (6.1.5) lib/active_record/migration.rb:587:in `call'
actionpack (6.1.5) lib/action_dispatch/middleware/callbacks.rb:27:in `block in call'
activesupport (6.1.5) lib/active_support/callbacks.rb:98:in `run_callbacks'
actionpack (6.1.5) lib/action_dispatch/middleware/callbacks.rb:26:in `call'
actionpack (6.1.5) lib/action_dispatch/middleware/executor.rb:14:in `call'
actionpack (6.1.5) lib/action_dispatch/middleware/actionable_exceptions.rb:18:in `call'
actionpack (6.1.5) lib/action_dispatch/middleware/debug_exceptions.rb:29:in `call'
web-console (4.2.0) lib/web_console/middleware.rb:132:in `call_app'
web-console (4.2.0) lib/web_console/middleware.rb:28:in `block in call'
web-console (4.2.0) lib/web_console/middleware.rb:17:in `catch'
web-console (4.2.0) lib/web_console/middleware.rb:17:in `call'
actionpack (6.1.5) lib/action_dispatch/middleware/show_exceptions.rb:33:in `call'
railties (6.1.5) lib/rails/rack/logger.rb:37:in `call_app'
railties (6.1.5) lib/rails/rack/logger.rb:26:in `block in call'
activesupport (6.1.5) lib/active_support/tagged_logging.rb:99:in `block in tagged'
activesupport (6.1.5) lib/active_support/tagged_logging.rb:37:in `tagged'
activesupport (6.1.5) lib/active_support/tagged_logging.rb:99:in `tagged'
railties (6.1.5) lib/rails/rack/logger.rb:26:in `call'
sprockets-rails (3.4.2) lib/sprockets/rails/quiet_assets.rb:13:in `call'
actionpack (6.1.5) lib/action_dispatch/middleware/remote_ip.rb:81:in `call'
actionpack (6.1.5) lib/action_dispatch/middleware/request_id.rb:26:in `call'
rack (2.2.3) lib/rack/method_override.rb:24:in `call'
rack (2.2.3) lib/rack/runtime.rb:22:in `call'
activesupport (6.1.5) lib/active_support/cache/strategy/local_cache_middleware.rb:29:in `call'
actionpack (6.1.5) lib/action_dispatch/middleware/executor.rb:14:in `call'
actionpack (6.1.5) lib/action_dispatch/middleware/static.rb:24:in `call'
rack (2.2.3) lib/rack/sendfile.rb:110:in `call'
actionpack (6.1.5) lib/action_dispatch/middleware/host_authorization.rb:148:in `call'
rack-mini-profiler (2.3.4) lib/mini_profiler/profiler.rb:393:in `call'
webpacker (5.4.3) lib/webpacker/dev_server_proxy.rb:25:in `perform_request'
rack-proxy (0.7.2) lib/rack/proxy.rb:67:in `call'
railties (6.1.5) lib/rails/engine.rb:539:in `call'
puma (5.6.2) lib/puma/configuration.rb:252:in `call'
puma (5.6.2) lib/puma/request.rb:77:in `block in handle_request'
puma (5.6.2) lib/puma/thread_pool.rb:340:in `with_force_shutdown'
puma (5.6.2) lib/puma/request.rb:76:in `handle_request'
puma (5.6.2) lib/puma/server.rb:441:in `process_client'
puma (5.6.2) lib/puma/thread_pool.rb:147:in `block in spawn_thread'
  [1m[35m (205.0ms)[0m  [1m[35mCREATE DATABASE "Proyecto_Ejemplo_development" ENCODING = 'unicode'[0m
  [1m[35m (80.2ms)[0m  [1m[35mCREATE DATABASE "Proyecto_Ejemplo_test" ENCODING = 'unicode'[0m
Started GET "/" for ::1 at 2022-03-21 09:17:18 -0300
Processing by Rails::WelcomeController#index as HTML
  Rendering /Users/magdalenamunoz/.rvm/gems/ruby-2.6.6/gems/railties-6.1.5/lib/rails/templates/rails/welcome/index.html.erb
  Rendered /Users/magdalenamunoz/.rvm/gems/ruby-2.6.6/gems/railties-6.1.5/lib/rails/templates/rails/welcome/index.html.erb (Duration: 3.7ms | Allocations: 344)
Completed 200 OK in 11ms (Views: 5.2ms | ActiveRecord: 0.0ms | Allocations: 3206)


Started GET "/" for ::1 at 2022-03-28 01:21:39 -0300
  
ActiveRecord::ConnectionNotEstablished (could not connect to server: No such file or directory
	Is the server running locally and accepting
	connections on Unix domain socket "/var/run/postgresql/.s.PGSQL.5432"?
):
  
activerecord (6.1.5) lib/active_record/connection_adapters/postgresql_adapter.rb:83:in `rescue in new_client'
activerecord (6.1.5) lib/active_record/connection_adapters/postgresql_adapter.rb:77:in `new_client'
activerecord (6.1.5) lib/active_record/connection_adapters/postgresql_adapter.rb:37:in `postgresql_connection'
activerecord (6.1.5) lib/active_record/connection_adapters/abstract/connection_pool.rb:882:in `public_send'
activerecord (6.1.5) lib/active_record/connection_adapters/abstract/connection_pool.rb:882:in `new_connection'
activerecord (6.1.5) lib/active_record/connection_adapters/abstract/connection_pool.rb:926:in `checkout_new_connection'
activerecord (6.1.5) lib/active_record/connection_adapters/abstract/connection_pool.rb:905:in `try_to_checkout_new_connection'
activerecord (6.1.5) lib/active_record/connection_adapters/abstract/connection_pool.rb:866:in `acquire_connection'
activerecord (6.1.5) lib/active_record/connection_adapters/abstract/connection_pool.rb:588:in `checkout'
activerecord (6.1.5) lib/active_record/connection_adapters/abstract/connection_pool.rb:428:in `connection'
activerecord (6.1.5) lib/active_record/connection_adapters/abstract/connection_pool.rb:1128:in `retrieve_connection'
activerecord (6.1.5) lib/active_record/connection_handling.rb:327:in `retrieve_connection'
activerecord (6.1.5) lib/active_record/connection_handling.rb:283:in `connection'
activerecord (6.1.5) lib/active_record/migration.rb:611:in `connection'
activerecord (6.1.5) lib/active_record/migration.rb:606:in `build_watcher'
activerecord (6.1.5) lib/active_record/migration.rb:588:in `block in call'
activerecord (6.1.5) lib/active_record/migration.rb:587:in `synchronize'
activerecord (6.1.5) lib/active_record/migration.rb:587:in `call'
actionpack (6.1.5) lib/action_dispatch/middleware/callbacks.rb:27:in `block in call'
activesupport (6.1.5) lib/active_support/callbacks.rb:98:in `run_callbacks'
actionpack (6.1.5) lib/action_dispatch/middleware/callbacks.rb:26:in `call'
actionpack (6.1.5) lib/action_dispatch/middleware/executor.rb:14:in `call'
actionpack (6.1.5) lib/action_dispatch/middleware/actionable_exceptions.rb:18:in `call'
actionpack (6.1.5) lib/action_dispatch/middleware/debug_exceptions.rb:29:in `call'
web-console (4.2.0) lib/web_console/middleware.rb:132:in `call_app'
web-console (4.2.0) lib/web_console/middleware.rb:28:in `block in call'
web-console (4.2.0) lib/web_console/middleware.rb:17:in `catch'
web-console (4.2.0) lib/web_console/middleware.rb:17:in `call'
actionpack (6.1.5) lib/action_dispatch/middleware/show_exceptions.rb:33:in `call'
railties (6.1.5) lib/rails/rack/logger.rb:37:in `call_app'
railties (6.1.5) lib/rails/rack/logger.rb:26:in `block in call'
activesupport (6.1.5) lib/active_support/tagged_logging.rb:99:in `block in tagged'
activesupport (6.1.5) lib/active_support/tagged_logging.rb:37:in `tagged'
activesupport (6.1.5) lib/active_support/tagged_logging.rb:99:in `tagged'
railties (6.1.5) lib/rails/rack/logger.rb:26:in `call'
sprockets-rails (3.4.2) lib/sprockets/rails/quiet_assets.rb:13:in `call'
actionpack (6.1.5) lib/action_dispatch/middleware/remote_ip.rb:81:in `call'
actionpack (6.1.5) lib/action_dispatch/middleware/request_id.rb:26:in `call'
rack (2.2.3) lib/rack/method_override.rb:24:in `call'
rack (2.2.3) lib/rack/runtime.rb:22:in `call'
activesupport (6.1.5) lib/active_support/cache/strategy/local_cache_middleware.rb:29:in `call'
actionpack (6.1.5) lib/action_dispatch/middleware/executor.rb:14:in `call'
actionpack (6.1.5) lib/action_dispatch/middleware/static.rb:24:in `call'
rack (2.2.3) lib/rack/sendfile.rb:110:in `call'
actionpack (6.1.5) lib/action_dispatch/middleware/host_authorization.rb:148:in `call'
rack-mini-profiler (2.3.4) lib/mini_profiler/profiler.rb:393:in `call'
webpacker (5.4.3) lib/webpacker/dev_server_proxy.rb:25:in `perform_request'
rack-proxy (0.7.2) lib/rack/proxy.rb:67:in `call'
railties (6.1.5) lib/rails/engine.rb:539:in `call'
puma (5.6.2) lib/puma/configuration.rb:252:in `call'
puma (5.6.2) lib/puma/request.rb:77:in `block in handle_request'
puma (5.6.2) lib/puma/thread_pool.rb:340:in `with_force_shutdown'
puma (5.6.2) lib/puma/request.rb:76:in `handle_request'
puma (5.6.2) lib/puma/server.rb:441:in `process_client'
puma (5.6.2) lib/puma/thread_pool.rb:147:in `block in spawn_thread'
  [1m[35m (366.6ms)[0m  [1m[35mCREATE DATABASE "Proyecto_Ejemplo_development" ENCODING = 'unicode'[0m
  [1m[35m (193.9ms)[0m  [1m[35mCREATE DATABASE "Proyecto_Ejemplo_test" ENCODING = 'unicode'[0m
Started GET "/" for ::1 at 2022-03-28 01:24:03 -0300
Processing by Rails::WelcomeController#index as HTML
  Rendering /home/ignacioporte/.rvm/gems/ruby-2.6.8/gems/railties-6.1.5/lib/rails/templates/rails/welcome/index.html.erb
  Rendered /home/ignacioporte/.rvm/gems/ruby-2.6.8/gems/railties-6.1.5/lib/rails/templates/rails/welcome/index.html.erb (Duration: 9.4ms | Allocations: 232)
Completed 200 OK in 38ms (Views: 11.5ms | ActiveRecord: 0.0ms | Allocations: 2471)


Started GET "/" for ::1 at 2022-03-28 01:40:09 -0300
  [1m[35m (25.3ms)[0m  [1m[35mCREATE TABLE "schema_migrations" ("version" character varying NOT NULL PRIMARY KEY)[0m
  [1m[35m (11.2ms)[0m  [1m[35mCREATE TABLE "ar_internal_metadata" ("key" character varying NOT NULL PRIMARY KEY, "value" character varying, "created_at" timestamp(6) NOT NULL, "updated_at" timestamp(6) NOT NULL)[0m
  [1m[35m (2.0ms)[0m  [1m[34mSELECT "schema_migrations"."version" FROM "schema_migrations" ORDER BY "schema_migrations"."version" ASC[0m
  
ActiveRecord::PendingMigrationError (

Migrations are pending. To resolve this issue, run:

        bin/rails db:migrate RAILS_ENV=development

You have 3 pending migrations:

20220328043451_create_offers.rb
20220328043800_create_users.rb
20220328043903_create_publications.rb


):
  
activerecord (6.1.5) lib/active_record/migration.rb:625:in `check_pending!'
activerecord (6.1.5) lib/active_record/migration.rb:590:in `block (2 levels) in call'
activesupport (6.1.5) lib/active_support/evented_file_update_checker.rb:59:in `execute'
activesupport (6.1.5) lib/active_support/evented_file_update_checker.rb:65:in `execute_if_updated'
activerecord (6.1.5) lib/active_record/migration.rb:597:in `block in call'
activerecord (6.1.5) lib/active_record/migration.rb:587:in `synchronize'
activerecord (6.1.5) lib/active_record/migration.rb:587:in `call'
actionpack (6.1.5) lib/action_dispatch/middleware/callbacks.rb:27:in `block in call'
activesupport (6.1.5) lib/active_support/callbacks.rb:98:in `run_callbacks'
actionpack (6.1.5) lib/action_dispatch/middleware/callbacks.rb:26:in `call'
actionpack (6.1.5) lib/action_dispatch/middleware/executor.rb:14:in `call'
actionpack (6.1.5) lib/action_dispatch/middleware/actionable_exceptions.rb:18:in `call'
actionpack (6.1.5) lib/action_dispatch/middleware/debug_exceptions.rb:29:in `call'
web-console (4.2.0) lib/web_console/middleware.rb:132:in `call_app'
web-console (4.2.0) lib/web_console/middleware.rb:28:in `block in call'
web-console (4.2.0) lib/web_console/middleware.rb:17:in `catch'
web-console (4.2.0) lib/web_console/middleware.rb:17:in `call'
actionpack (6.1.5) lib/action_dispatch/middleware/show_exceptions.rb:33:in `call'
railties (6.1.5) lib/rails/rack/logger.rb:37:in `call_app'
railties (6.1.5) lib/rails/rack/logger.rb:26:in `block in call'
activesupport (6.1.5) lib/active_support/tagged_logging.rb:99:in `block in tagged'
activesupport (6.1.5) lib/active_support/tagged_logging.rb:37:in `tagged'
activesupport (6.1.5) lib/active_support/tagged_logging.rb:99:in `tagged'
railties (6.1.5) lib/rails/rack/logger.rb:26:in `call'
sprockets-rails (3.4.2) lib/sprockets/rails/quiet_assets.rb:13:in `call'
actionpack (6.1.5) lib/action_dispatch/middleware/remote_ip.rb:81:in `call'
actionpack (6.1.5) lib/action_dispatch/middleware/request_id.rb:26:in `call'
rack (2.2.3) lib/rack/method_override.rb:24:in `call'
rack (2.2.3) lib/rack/runtime.rb:22:in `call'
activesupport (6.1.5) lib/active_support/cache/strategy/local_cache_middleware.rb:29:in `call'
actionpack (6.1.5) lib/action_dispatch/middleware/executor.rb:14:in `call'
actionpack (6.1.5) lib/action_dispatch/middleware/static.rb:24:in `call'
rack (2.2.3) lib/rack/sendfile.rb:110:in `call'
actionpack (6.1.5) lib/action_dispatch/middleware/host_authorization.rb:148:in `call'
rack-mini-profiler (2.3.4) lib/mini_profiler/profiler.rb:393:in `call'
webpacker (5.4.3) lib/webpacker/dev_server_proxy.rb:25:in `perform_request'
rack-proxy (0.7.2) lib/rack/proxy.rb:67:in `call'
railties (6.1.5) lib/rails/engine.rb:539:in `call'
puma (5.6.2) lib/puma/configuration.rb:252:in `call'
puma (5.6.2) lib/puma/request.rb:77:in `block in handle_request'
puma (5.6.2) lib/puma/thread_pool.rb:340:in `with_force_shutdown'
puma (5.6.2) lib/puma/request.rb:76:in `handle_request'
puma (5.6.2) lib/puma/server.rb:441:in `process_client'
puma (5.6.2) lib/puma/thread_pool.rb:147:in `block in spawn_thread'
  [1m[35m (0.5ms)[0m  [1m[34mSELECT pg_try_advisory_lock(3108607589338290480)[0m
  [1m[35m (0.9ms)[0m  [1m[34mSELECT "schema_migrations"."version" FROM "schema_migrations" ORDER BY "schema_migrations"."version" ASC[0m
Migrating to CreateOffers (20220328043451)
  [1m[35m (0.6ms)[0m  [1m[34mSELECT pg_advisory_unlock(3108607589338290480)[0m
  [1m[35m (0.4ms)[0m  [1m[34mSELECT pg_try_advisory_lock(3108607589338290480)[0m
  [1m[35m (1.3ms)[0m  [1m[34mSELECT "schema_migrations"."version" FROM "schema_migrations" ORDER BY "schema_migrations"."version" ASC[0m
Migrating to CreateOffers (20220328043451)
  [1m[36mTRANSACTION (0.4ms)[0m  [1m[35mBEGIN[0m
  [1m[35m (11.1ms)[0m  [1m[35mCREATE TABLE "offers" ("id" bigserial primary key, "title" character varying, "description" character varying, "salary" integer, "taken" boolean, "business" character varying, "created_at" timestamp(6) NOT NULL, "updated_at" timestamp(6) NOT NULL)[0m
  [1m[36mActiveRecord::SchemaMigration Create (1.0ms)[0m  [1m[32mINSERT INTO "schema_migrations" ("version") VALUES ($1) RETURNING "version"[0m  [["version", "20220328043451"]]
  [1m[36mTRANSACTION (2.1ms)[0m  [1m[35mCOMMIT[0m
Migrating to CreateUsers (20220328043800)
  [1m[36mTRANSACTION (0.4ms)[0m  [1m[35mBEGIN[0m
  [1m[35m (10.0ms)[0m  [1m[35mCREATE TABLE "users" ("id" bigserial primary key, "name" character varying, "description" character varying, "email" character varying, "work" character varying, "age" integer, "photo" character varying, "created_at" timestamp(6) NOT NULL, "updated_at" timestamp(6) NOT NULL)[0m
  [1m[36mActiveRecord::SchemaMigration Create (0.7ms)[0m  [1m[32mINSERT INTO "schema_migrations" ("version") VALUES ($1) RETURNING "version"[0m  [["version", "20220328043800"]]
  [1m[36mTRANSACTION (1.7ms)[0m  [1m[35mCOMMIT[0m
Migrating to CreatePublications (20220328043903)
  [1m[36mTRANSACTION (0.4ms)[0m  [1m[35mBEGIN[0m
  [1m[35m (9.1ms)[0m  [1m[35mCREATE TABLE "publications" ("id" bigserial primary key, "title" character varying, "content" character varying, "photo" character varying, "created_at" timestamp(6) NOT NULL, "updated_at" timestamp(6) NOT NULL)[0m
  [1m[36mActiveRecord::SchemaMigration Create (0.5ms)[0m  [1m[32mINSERT INTO "schema_migrations" ("version") VALUES ($1) RETURNING "version"[0m  [["version", "20220328043903"]]
  [1m[36mTRANSACTION (2.1ms)[0m  [1m[35mCOMMIT[0m
  [1m[36mActiveRecord::InternalMetadata Load (0.8ms)[0m  [1m[34mSELECT "ar_internal_metadata".* FROM "ar_internal_metadata" WHERE "ar_internal_metadata"."key" = $1 LIMIT $2[0m  [["key", "environment"], ["LIMIT", 1]]
  [1m[36mTRANSACTION (0.4ms)[0m  [1m[35mBEGIN[0m
  [1m[36mActiveRecord::InternalMetadata Create (0.9ms)[0m  [1m[32mINSERT INTO "ar_internal_metadata" ("key", "value", "created_at", "updated_at") VALUES ($1, $2, $3, $4) RETURNING "key"[0m  [["key", "environment"], ["value", "development"], ["created_at", "2022-03-28 04:51:11.611208"], ["updated_at", "2022-03-28 04:51:11.611208"]]
  [1m[36mTRANSACTION (1.5ms)[0m  [1m[35mCOMMIT[0m
  [1m[35m (0.6ms)[0m  [1m[34mSELECT pg_advisory_unlock(3108607589338290480)[0m
  [1m[35m (1.0ms)[0m  [1m[34mSELECT "schema_migrations"."version" FROM "schema_migrations" ORDER BY "schema_migrations"."version" ASC[0m
Started GET "/" for ::1 at 2022-03-28 01:56:33 -0300
  [1m[35m (2.0ms)[0m  [1m[34mSELECT "schema_migrations"."version" FROM "schema_migrations" ORDER BY "schema_migrations"."version" ASC[0m
Processing by Rails::WelcomeController#index as HTML
  Rendering /home/ignacioporte/.rvm/gems/ruby-2.6.8/gems/railties-6.1.5/lib/rails/templates/rails/welcome/index.html.erb
  Rendered /home/ignacioporte/.rvm/gems/ruby-2.6.8/gems/railties-6.1.5/lib/rails/templates/rails/welcome/index.html.erb (Duration: 8.4ms | Allocations: 227)
Completed 200 OK in 12ms (Views: 10.1ms | ActiveRecord: 0.0ms | Allocations: 899)


Started GET "/users/new" for ::1 at 2022-03-28 01:56:38 -0300
Processing by UsersController#new as HTML
  Rendering layout layouts/application.html.erb
  Rendering users/new.html.erb within layouts/application
  Rendered users/new.html.erb within layouts/application (Duration: 1.7ms | Allocations: 1291)
  Rendered layout layouts/application.html.erb (Duration: 2.4ms | Allocations: 1371)
Completed 500 Internal Server Error in 30ms (ActiveRecord: 9.4ms | Allocations: 8815)


  
ActionView::Template::Error (First argument in form cannot contain nil or be empty):
    1: <%= form_for @product do |f| %>
    2:   <div>
    3:     <%= f.label :name %>
    4:     <%= f.text_field :name %>
  
app/views/users/new.html.erb:1
Started GET "/users/new" for ::1 at 2022-03-28 01:56:47 -0300
Processing by UsersController#new as HTML
  Rendering layout layouts/application.html.erb
  Rendering users/new.html.erb within layouts/application
  Rendered users/new.html.erb within layouts/application (Duration: 20.0ms | Allocations: 6308)
[Webpacker] Compiling...
[Webpacker] Compilation failed:
yarn run v1.22.17
info Visit https://yarnpkg.com/en/docs/cli/run for documentation about this command.


error Command "webpack" not found.

  Rendered layout layouts/application.html.erb (Duration: 1400.2ms | Allocations: 26270)
Completed 500 Internal Server Error in 1404ms (ActiveRecord: 0.0ms | Allocations: 27365)


  
ActionView::Template::Error (Webpacker can't find application.js in /home/ignacioporte/software/Proyecto-Ejemplo/public/packs/manifest.json. Possible causes:
1. You want to set webpacker.yml value of compile to true for your environment
   unless you are using the `webpack -w` or the webpack-dev-server.
2. webpack has not yet re-run to reflect updates.
3. You have misconfigured Webpacker's config/webpacker.yml file.
4. Your webpack configuration is not creating a manifest.
Your manifest contains:
{
}
):
     7:     <%= csp_meta_tag %>
     8: 
     9:     <%= stylesheet_link_tag 'application', media: 'all', 'data-turbolinks-track': 'reload' %>
    10:     <%= javascript_pack_tag 'application', 'data-turbolinks-track': 'reload' %>
    11:   </head>
    12: 
    13:   <body>
  
app/views/layouts/application.html.erb:10
Started GET "/users/new" for ::1 at 2022-03-28 01:58:58 -0300
Processing by UsersController#new as HTML
  Rendering layout layouts/application.html.erb
  Rendering users/new.html.erb within layouts/application
  Rendered users/new.html.erb within layouts/application (Duration: 4.2ms | Allocations: 1487)
[Webpacker] Compiling...
[Webpacker] Compiled all packs in /home/ignacioporte/software/Proyecto-Ejemplo/public/packs
[Webpacker] Hash: 2034dd941d5476d8645c
Version: webpack 4.46.0
Time: 2727ms
Built at: 03/28/2022 1:59:03 AM
                                     Asset       Size       Chunks                         Chunk Names
    js/application-3dd0dc24d9c39bc09227.js    125 KiB  application  [emitted] [immutable]  application
js/application-3dd0dc24d9c39bc09227.js.map    139 KiB  application  [emitted] [dev]        application
                             manifest.json  364 bytes               [emitted]              
Entrypoint application = js/application-3dd0dc24d9c39bc09227.js js/application-3dd0dc24d9c39bc09227.js.map
[./app/javascript/channels sync recursive _channel\.js$] ./app/javascript/channels sync _channel\.js$ 160 bytes {application} [built]
[./app/javascript/channels/index.js] 211 bytes {application} [built]
[./app/javascript/packs/application.js] 492 bytes {application} [built]
[./node_modules/webpack/buildin/module.js] (webpack)/buildin/module.js 552 bytes {application} [built]
    + 3 hidden modules

  Rendered layout layouts/application.html.erb (Duration: 4977.2ms | Allocations: 5675)
Completed 200 OK in 4979ms (Views: 4978.4ms | ActiveRecord: 0.0ms | Allocations: 6057)


Started POST "/users" for ::1 at 2022-03-28 02:00:08 -0300
Processing by UsersController#create as HTML
  Parameters: {"authenticity_token"=>"[FILTERED]", "user"=>{"name"=>"juan", "description"=>"juan", "email"=>"juan@uc.cl", "work"=>"juan", "age"=>"13", "photo"=>"https://www.google.com/url?sa=i&url=https%3A%2F%2Funsplash.com%2Fs%2Fphotos%2Fphoto&psig=AOvVaw38yp-EAkRx6qOjrDneLxSS&ust=1648529998457000&source=images&cd=vfe&ved=0CAsQjRxqFwoTCPji4_iC6PYCFQAAAAAdAAAAABAD"}, "commit"=>"Create User"}
  [1m[36mTRANSACTION (1.6ms)[0m  [1m[35mBEGIN[0m
  ↳ app/controllers/users_controller.rb:12:in `create'
  [1m[36mUser Create (2.2ms)[0m  [1m[32mINSERT INTO "users" ("name", "description", "email", "work", "age", "photo", "created_at", "updated_at") VALUES ($1, $2, $3, $4, $5, $6, $7, $8) RETURNING "id"[0m  [["name", "juan"], ["description", "juan"], ["email", "juan@uc.cl"], ["work", "juan"], ["age", 13], ["photo", "https://www.google.com/url?sa=i&url=https%3A%2F%2Funsplash.com%2Fs%2Fphotos%2Fphoto&psig=AOvVaw38yp-EAkRx6qOjrDneLxSS&ust=1648529998457000&source=images&cd=vfe&ved=0CAsQjRxqFwoTCPji4_iC6PYCFQAAAAAdAAAAABAD"], ["created_at", "2022-03-28 05:00:08.937467"], ["updated_at", "2022-03-28 05:00:08.937467"]]
  ↳ app/controllers/users_controller.rb:12:in `create'
  [1m[36mTRANSACTION (3.8ms)[0m  [1m[35mCOMMIT[0m
  ↳ app/controllers/users_controller.rb:12:in `create'
Redirected to http://localhost:3000/users
Completed 302 Found in 18ms (ActiveRecord: 7.6ms | Allocations: 2915)


Started GET "/users" for ::1 at 2022-03-28 02:00:08 -0300
Processing by UsersController#index as HTML
Completed 406 Not Acceptable in 4ms (ActiveRecord: 0.0ms | Allocations: 1881)


  
ActionController::MissingExactTemplate (UsersController#index is missing a template for request formats: text/html):
  
actionpack (6.1.5) lib/action_controller/metal/implicit_render.rb:45:in `default_render'
actionpack (6.1.5) lib/action_controller/metal/basic_implicit_render.rb:6:in `block in send_action'
actionpack (6.1.5) lib/action_controller/metal/basic_implicit_render.rb:6:in `tap'
actionpack (6.1.5) lib/action_controller/metal/basic_implicit_render.rb:6:in `send_action'
actionpack (6.1.5) lib/abstract_controller/base.rb:228:in `process_action'
actionpack (6.1.5) lib/action_controller/metal/rendering.rb:30:in `process_action'
actionpack (6.1.5) lib/abstract_controller/callbacks.rb:42:in `block in process_action'
activesupport (6.1.5) lib/active_support/callbacks.rb:117:in `block in run_callbacks'
actiontext (6.1.5) lib/action_text/rendering.rb:20:in `with_renderer'
actiontext (6.1.5) lib/action_text/engine.rb:59:in `block (4 levels) in <class:Engine>'
activesupport (6.1.5) lib/active_support/callbacks.rb:126:in `instance_exec'
activesupport (6.1.5) lib/active_support/callbacks.rb:126:in `block in run_callbacks'
activesupport (6.1.5) lib/active_support/callbacks.rb:137:in `run_callbacks'
actionpack (6.1.5) lib/abstract_controller/callbacks.rb:41:in `process_action'
actionpack (6.1.5) lib/action_controller/metal/rescue.rb:22:in `process_action'
actionpack (6.1.5) lib/action_controller/metal/instrumentation.rb:34:in `block in process_action'
activesupport (6.1.5) lib/active_support/notifications.rb:203:in `block in instrument'
activesupport (6.1.5) lib/active_support/notifications/instrumenter.rb:24:in `instrument'
activesupport (6.1.5) lib/active_support/notifications.rb:203:in `instrument'
actionpack (6.1.5) lib/action_controller/metal/instrumentation.rb:33:in `process_action'
actionpack (6.1.5) lib/action_controller/metal/params_wrapper.rb:249:in `process_action'
activerecord (6.1.5) lib/active_record/railties/controller_runtime.rb:27:in `process_action'
actionpack (6.1.5) lib/abstract_controller/base.rb:165:in `process'
actionview (6.1.5) lib/action_view/rendering.rb:39:in `process'
actionpack (6.1.5) lib/action_controller/metal.rb:190:in `dispatch'
actionpack (6.1.5) lib/action_controller/metal.rb:254:in `dispatch'
actionpack (6.1.5) lib/action_dispatch/routing/route_set.rb:50:in `dispatch'
actionpack (6.1.5) lib/action_dispatch/routing/route_set.rb:33:in `serve'
actionpack (6.1.5) lib/action_dispatch/journey/router.rb:50:in `block in serve'
actionpack (6.1.5) lib/action_dispatch/journey/router.rb:32:in `each'
actionpack (6.1.5) lib/action_dispatch/journey/router.rb:32:in `serve'
actionpack (6.1.5) lib/action_dispatch/routing/route_set.rb:842:in `call'
rack (2.2.3) lib/rack/tempfile_reaper.rb:15:in `call'
rack (2.2.3) lib/rack/etag.rb:27:in `call'
rack (2.2.3) lib/rack/conditional_get.rb:27:in `call'
rack (2.2.3) lib/rack/head.rb:12:in `call'
actionpack (6.1.5) lib/action_dispatch/http/permissions_policy.rb:22:in `call'
actionpack (6.1.5) lib/action_dispatch/http/content_security_policy.rb:19:in `call'
rack (2.2.3) lib/rack/session/abstract/id.rb:266:in `context'
rack (2.2.3) lib/rack/session/abstract/id.rb:260:in `call'
actionpack (6.1.5) lib/action_dispatch/middleware/cookies.rb:689:in `call'
activerecord (6.1.5) lib/active_record/migration.rb:601:in `call'
actionpack (6.1.5) lib/action_dispatch/middleware/callbacks.rb:27:in `block in call'
activesupport (6.1.5) lib/active_support/callbacks.rb:98:in `run_callbacks'
actionpack (6.1.5) lib/action_dispatch/middleware/callbacks.rb:26:in `call'
actionpack (6.1.5) lib/action_dispatch/middleware/executor.rb:14:in `call'
actionpack (6.1.5) lib/action_dispatch/middleware/actionable_exceptions.rb:18:in `call'
actionpack (6.1.5) lib/action_dispatch/middleware/debug_exceptions.rb:29:in `call'
web-console (4.2.0) lib/web_console/middleware.rb:132:in `call_app'
web-console (4.2.0) lib/web_console/middleware.rb:28:in `block in call'
web-console (4.2.0) lib/web_console/middleware.rb:17:in `catch'
web-console (4.2.0) lib/web_console/middleware.rb:17:in `call'
actionpack (6.1.5) lib/action_dispatch/middleware/show_exceptions.rb:33:in `call'
railties (6.1.5) lib/rails/rack/logger.rb:37:in `call_app'
railties (6.1.5) lib/rails/rack/logger.rb:26:in `block in call'
activesupport (6.1.5) lib/active_support/tagged_logging.rb:99:in `block in tagged'
activesupport (6.1.5) lib/active_support/tagged_logging.rb:37:in `tagged'
activesupport (6.1.5) lib/active_support/tagged_logging.rb:99:in `tagged'
railties (6.1.5) lib/rails/rack/logger.rb:26:in `call'
sprockets-rails (3.4.2) lib/sprockets/rails/quiet_assets.rb:13:in `call'
actionpack (6.1.5) lib/action_dispatch/middleware/remote_ip.rb:81:in `call'
actionpack (6.1.5) lib/action_dispatch/middleware/request_id.rb:26:in `call'
rack (2.2.3) lib/rack/method_override.rb:24:in `call'
rack (2.2.3) lib/rack/runtime.rb:22:in `call'
activesupport (6.1.5) lib/active_support/cache/strategy/local_cache_middleware.rb:29:in `call'
actionpack (6.1.5) lib/action_dispatch/middleware/executor.rb:14:in `call'
actionpack (6.1.5) lib/action_dispatch/middleware/static.rb:24:in `call'
rack (2.2.3) lib/rack/sendfile.rb:110:in `call'
actionpack (6.1.5) lib/action_dispatch/middleware/host_authorization.rb:148:in `call'
rack-mini-profiler (2.3.4) lib/mini_profiler/profiler.rb:393:in `call'
webpacker (5.4.3) lib/webpacker/dev_server_proxy.rb:25:in `perform_request'
rack-proxy (0.7.2) lib/rack/proxy.rb:67:in `call'
railties (6.1.5) lib/rails/engine.rb:539:in `call'
puma (5.6.2) lib/puma/configuration.rb:252:in `call'
puma (5.6.2) lib/puma/request.rb:77:in `block in handle_request'
puma (5.6.2) lib/puma/thread_pool.rb:340:in `with_force_shutdown'
puma (5.6.2) lib/puma/request.rb:76:in `handle_request'
puma (5.6.2) lib/puma/server.rb:441:in `process_client'
puma (5.6.2) lib/puma/thread_pool.rb:147:in `block in spawn_thread'
Started GET "/users" for ::1 at 2022-03-28 02:02:19 -0300
Processing by UsersController#index as HTML
  Rendering layout layouts/application.html.erb
  Rendering users/index.html.erb within layouts/application
  [1m[36mUser Load (1.8ms)[0m  [1m[34mSELECT "users".* FROM "users"[0m
  ↳ app/views/users/index.html.erb:10
  Rendered users/index.html.erb within layouts/application (Duration: 8.5ms | Allocations: 1326)
[Webpacker] Everything's up-to-date. Nothing to do
  Rendered layout layouts/application.html.erb (Duration: 16.2ms | Allocations: 4572)
Completed 200 OK in 21ms (Views: 17.7ms | ActiveRecord: 1.8ms | Allocations: 5730)


Started GET "/users" for ::1 at 2022-03-28 02:02:46 -0300
Processing by UsersController#index as HTML
  Rendering layout layouts/application.html.erb
  Rendering users/index.html.erb within layouts/application
  [1m[36mUser Load (1.7ms)[0m  [1m[34mSELECT "users".* FROM "users"[0m
  ↳ app/views/users/index.html.erb:10
  Rendered users/index.html.erb within layouts/application (Duration: 7.2ms | Allocations: 1274)
[Webpacker] Everything's up-to-date. Nothing to do
  Rendered layout layouts/application.html.erb (Duration: 13.8ms | Allocations: 4518)
Completed 200 OK in 18ms (Views: 14.9ms | ActiveRecord: 1.7ms | Allocations: 5671)


  [1m[36mUser Load (0.8ms)[0m  [1m[34mSELECT "users".* FROM "users" /* loading for inspect */ LIMIT $1[0m  [["LIMIT", 11]]
  [1m[36mUser Load (0.7ms)[0m  [1m[34mSELECT "users".* FROM "users" /* loading for inspect */ LIMIT $1[0m  [["LIMIT", 11]]
  [1m[36mUser Load (0.6ms)[0m  [1m[34mSELECT "users".* FROM "users" ORDER BY "users"."id" DESC LIMIT $1[0m  [["LIMIT", 1]]
  [1m[36mUser Destroy (2.5ms)[0m  [1m[31mDELETE FROM "users" WHERE "users"."id" = $1[0m  [["id", 1]]
Started GET "/users" for ::1 at 2022-03-28 02:05:22 -0300
Processing by UsersController#index as HTML
  Rendering layout layouts/application.html.erb
  Rendering users/index.html.erb within layouts/application
  [1m[36mUser Load (1.7ms)[0m  [1m[34mSELECT "users".* FROM "users"[0m
  ↳ app/views/users/index.html.erb:10
  Rendered users/index.html.erb within layouts/application (Duration: 25.0ms | Allocations: 1168)
[Webpacker] Everything's up-to-date. Nothing to do
  Rendered layout layouts/application.html.erb (Duration: 32.2ms | Allocations: 4417)
Completed 200 OK in 39ms (Views: 35.1ms | ActiveRecord: 1.7ms | Allocations: 5571)


Started GET "/users/new" for ::1 at 2022-03-28 02:05:24 -0300
Processing by UsersController#new as HTML
  Rendering layout layouts/application.html.erb
  Rendering users/new.html.erb within layouts/application
  Rendered users/new.html.erb within layouts/application (Duration: 4.8ms | Allocations: 1791)
[Webpacker] Everything's up-to-date. Nothing to do
  Rendered layout layouts/application.html.erb (Duration: 10.6ms | Allocations: 4854)
Completed 200 OK in 14ms (Views: 11.8ms | ActiveRecord: 0.0ms | Allocations: 5408)


Started POST "/users" for ::1 at 2022-03-28 02:05:32 -0300
Processing by UsersController#create as HTML
  Parameters: {"authenticity_token"=>"[FILTERED]", "user"=>{"name"=>"juan", "description"=>"juan", "email"=>"ignacio.porte@uc.cl", "work"=>"juan", "age"=>"18", "photo"=>"https://post.medicalnewstoday.com/wp-content/uploads/sites/3/2020/02/322868_1100-800x825.jpg"}, "commit"=>"Create User"}
  [1m[36mTRANSACTION (1.6ms)[0m  [1m[35mBEGIN[0m
  ↳ app/controllers/users_controller.rb:12:in `create'
  [1m[36mUser Create (1.8ms)[0m  [1m[32mINSERT INTO "users" ("name", "description", "email", "work", "age", "photo", "created_at", "updated_at") VALUES ($1, $2, $3, $4, $5, $6, $7, $8) RETURNING "id"[0m  [["name", "juan"], ["description", "juan"], ["email", "ignacio.porte@uc.cl"], ["work", "juan"], ["age", 18], ["photo", "https://post.medicalnewstoday.com/wp-content/uploads/sites/3/2020/02/322868_1100-800x825.jpg"], ["created_at", "2022-03-28 05:05:32.837330"], ["updated_at", "2022-03-28 05:05:32.837330"]]
  ↳ app/controllers/users_controller.rb:12:in `create'
  [1m[36mTRANSACTION (2.7ms)[0m  [1m[35mCOMMIT[0m
  ↳ app/controllers/users_controller.rb:12:in `create'
Redirected to http://localhost:3000/users
Completed 302 Found in 16ms (ActiveRecord: 6.1ms | Allocations: 2669)


Started GET "/users" for ::1 at 2022-03-28 02:05:32 -0300
Processing by UsersController#index as HTML
  Rendering layout layouts/application.html.erb
  Rendering users/index.html.erb within layouts/application
  [1m[36mUser Load (2.2ms)[0m  [1m[34mSELECT "users".* FROM "users"[0m
  ↳ app/views/users/index.html.erb:10
  Rendered users/index.html.erb within layouts/application (Duration: 6.5ms | Allocations: 1007)
[Webpacker] Everything's up-to-date. Nothing to do
  Rendered layout layouts/application.html.erb (Duration: 12.2ms | Allocations: 4072)
Completed 200 OK in 14ms (Views: 10.9ms | ActiveRecord: 2.2ms | Allocations: 4490)


Started GET "/users/2/edit" for ::1 at 2022-03-28 02:05:38 -0300
Processing by UsersController#edit as HTML
  Parameters: {"id"=>"2"}
  [1m[36mUser Load (1.3ms)[0m  [1m[34mSELECT "users".* FROM "users" WHERE "users"."id" = $1 LIMIT $2[0m  [["id", 2], ["LIMIT", 1]]
  ↳ app/controllers/users_controller.rb:20:in `edit'
  Rendering layout layouts/application.html.erb
  Rendering users/edit.html.erb within layouts/application
  Rendered users/edit.html.erb within layouts/application (Duration: 4.8ms | Allocations: 1863)
[Webpacker] Everything's up-to-date. Nothing to do
  Rendered layout layouts/application.html.erb (Duration: 10.4ms | Allocations: 4864)
Completed 200 OK in 35ms (Views: 11.6ms | ActiveRecord: 2.9ms | Allocations: 10769)


Started PATCH "/user/2" for ::1 at 2022-03-28 02:05:42 -0300
  
ActionController::RoutingError (No route matches [PATCH] "/user/2"):
  
Started GET "/users/2/edit" for ::1 at 2022-03-28 02:05:47 -0300
Processing by UsersController#edit as HTML
  Parameters: {"id"=>"2"}
  [1m[36mUser Load (1.6ms)[0m  [1m[34mSELECT "users".* FROM "users" WHERE "users"."id" = $1 LIMIT $2[0m  [["id", 2], ["LIMIT", 1]]
  ↳ app/controllers/users_controller.rb:20:in `edit'
  Rendering layout layouts/application.html.erb
  Rendering users/edit.html.erb within layouts/application
  Rendered users/edit.html.erb within layouts/application (Duration: 3.7ms | Allocations: 1517)
[Webpacker] Everything's up-to-date. Nothing to do
  Rendered layout layouts/application.html.erb (Duration: 9.6ms | Allocations: 4581)
Completed 200 OK in 17ms (Views: 10.6ms | ActiveRecord: 1.6ms | Allocations: 5704)


Started PATCH "/user/2" for ::1 at 2022-03-28 02:05:49 -0300
  
ActionController::RoutingError (No route matches [PATCH] "/user/2"):
  
Started PATCH "/user/2" for ::1 at 2022-03-28 02:08:25 -0300
Processing by UsersController#update as HTML
  Parameters: {"authenticity_token"=>"[FILTERED]", "user"=>{"name"=>"juan", "description"=>"juan", "email"=>"ignacio.porte@uc.cl", "work"=>"pepe", "age"=>"18", "photo"=>"https://post.medicalnewstoday.com/wp-content/uploads/sites/3/2020/02/322868_1100-800x825.jpg"}, "commit"=>"Update User", "id"=>"2"}
  [1m[36mUser Load (2.3ms)[0m  [1m[34mSELECT "users".* FROM "users" WHERE "users"."id" = $1 LIMIT $2[0m  [["id", 2], ["LIMIT", 1]]
  ↳ app/controllers/users_controller.rb:24:in `update'
  [1m[36mTRANSACTION (1.9ms)[0m  [1m[35mBEGIN[0m
  ↳ app/controllers/users_controller.rb:25:in `update'
  [1m[36mUser Update (2.1ms)[0m  [1m[33mUPDATE "users" SET "work" = $1, "updated_at" = $2 WHERE "users"."id" = $3[0m  [["work", "pepe"], ["updated_at", "2022-03-28 05:08:25.496832"], ["id", 2]]
  ↳ app/controllers/users_controller.rb:25:in `update'
  [1m[36mTRANSACTION (3.0ms)[0m  [1m[35mCOMMIT[0m
  ↳ app/controllers/users_controller.rb:25:in `update'
Redirected to http://localhost:3000/users
Completed 302 Found in 41ms (ActiveRecord: 18.2ms | Allocations: 8740)


Started GET "/users" for ::1 at 2022-03-28 02:08:25 -0300
Processing by UsersController#index as HTML
  Rendering layout layouts/application.html.erb
  Rendering users/index.html.erb within layouts/application
  [1m[36mUser Load (1.9ms)[0m  [1m[34mSELECT "users".* FROM "users"[0m
  ↳ app/views/users/index.html.erb:10
  Rendered users/index.html.erb within layouts/application (Duration: 6.8ms | Allocations: 1068)
[Webpacker] Everything's up-to-date. Nothing to do
  Rendered layout layouts/application.html.erb (Duration: 13.3ms | Allocations: 4137)
Completed 200 OK in 16ms (Views: 13.1ms | ActiveRecord: 1.9ms | Allocations: 4693)


Started GET "/publication" for ::1 at 2022-03-28 02:08:34 -0300
  
ActionController::RoutingError (No route matches [GET] "/publication"):
  
Started GET "/publications" for ::1 at 2022-03-28 02:08:37 -0300
Processing by PublicationsController#index as HTML
Completed 406 Not Acceptable in 5ms (ActiveRecord: 0.0ms | Allocations: 2013)


  
ActionController::MissingExactTemplate (PublicationsController#index is missing a template for request formats: text/html):
  
actionpack (6.1.5) lib/action_controller/metal/implicit_render.rb:45:in `default_render'
actionpack (6.1.5) lib/action_controller/metal/basic_implicit_render.rb:6:in `block in send_action'
actionpack (6.1.5) lib/action_controller/metal/basic_implicit_render.rb:6:in `tap'
actionpack (6.1.5) lib/action_controller/metal/basic_implicit_render.rb:6:in `send_action'
actionpack (6.1.5) lib/abstract_controller/base.rb:228:in `process_action'
actionpack (6.1.5) lib/action_controller/metal/rendering.rb:30:in `process_action'
actionpack (6.1.5) lib/abstract_controller/callbacks.rb:42:in `block in process_action'
activesupport (6.1.5) lib/active_support/callbacks.rb:117:in `block in run_callbacks'
actiontext (6.1.5) lib/action_text/rendering.rb:20:in `with_renderer'
actiontext (6.1.5) lib/action_text/engine.rb:59:in `block (4 levels) in <class:Engine>'
activesupport (6.1.5) lib/active_support/callbacks.rb:126:in `instance_exec'
activesupport (6.1.5) lib/active_support/callbacks.rb:126:in `block in run_callbacks'
activesupport (6.1.5) lib/active_support/callbacks.rb:137:in `run_callbacks'
actionpack (6.1.5) lib/abstract_controller/callbacks.rb:41:in `process_action'
actionpack (6.1.5) lib/action_controller/metal/rescue.rb:22:in `process_action'
actionpack (6.1.5) lib/action_controller/metal/instrumentation.rb:34:in `block in process_action'
activesupport (6.1.5) lib/active_support/notifications.rb:203:in `block in instrument'
activesupport (6.1.5) lib/active_support/notifications/instrumenter.rb:24:in `instrument'
activesupport (6.1.5) lib/active_support/notifications.rb:203:in `instrument'
actionpack (6.1.5) lib/action_controller/metal/instrumentation.rb:33:in `process_action'
actionpack (6.1.5) lib/action_controller/metal/params_wrapper.rb:249:in `process_action'
activerecord (6.1.5) lib/active_record/railties/controller_runtime.rb:27:in `process_action'
actionpack (6.1.5) lib/abstract_controller/base.rb:165:in `process'
actionview (6.1.5) lib/action_view/rendering.rb:39:in `process'
actionpack (6.1.5) lib/action_controller/metal.rb:190:in `dispatch'
actionpack (6.1.5) lib/action_controller/metal.rb:254:in `dispatch'
actionpack (6.1.5) lib/action_dispatch/routing/route_set.rb:50:in `dispatch'
actionpack (6.1.5) lib/action_dispatch/routing/route_set.rb:33:in `serve'
actionpack (6.1.5) lib/action_dispatch/journey/router.rb:50:in `block in serve'
actionpack (6.1.5) lib/action_dispatch/journey/router.rb:32:in `each'
actionpack (6.1.5) lib/action_dispatch/journey/router.rb:32:in `serve'
actionpack (6.1.5) lib/action_dispatch/routing/route_set.rb:842:in `call'
rack (2.2.3) lib/rack/tempfile_reaper.rb:15:in `call'
rack (2.2.3) lib/rack/etag.rb:27:in `call'
rack (2.2.3) lib/rack/conditional_get.rb:27:in `call'
rack (2.2.3) lib/rack/head.rb:12:in `call'
actionpack (6.1.5) lib/action_dispatch/http/permissions_policy.rb:22:in `call'
actionpack (6.1.5) lib/action_dispatch/http/content_security_policy.rb:19:in `call'
rack (2.2.3) lib/rack/session/abstract/id.rb:266:in `context'
rack (2.2.3) lib/rack/session/abstract/id.rb:260:in `call'
actionpack (6.1.5) lib/action_dispatch/middleware/cookies.rb:689:in `call'
activerecord (6.1.5) lib/active_record/migration.rb:601:in `call'
actionpack (6.1.5) lib/action_dispatch/middleware/callbacks.rb:27:in `block in call'
activesupport (6.1.5) lib/active_support/callbacks.rb:98:in `run_callbacks'
actionpack (6.1.5) lib/action_dispatch/middleware/callbacks.rb:26:in `call'
actionpack (6.1.5) lib/action_dispatch/middleware/executor.rb:14:in `call'
actionpack (6.1.5) lib/action_dispatch/middleware/actionable_exceptions.rb:18:in `call'
actionpack (6.1.5) lib/action_dispatch/middleware/debug_exceptions.rb:29:in `call'
web-console (4.2.0) lib/web_console/middleware.rb:132:in `call_app'
web-console (4.2.0) lib/web_console/middleware.rb:28:in `block in call'
web-console (4.2.0) lib/web_console/middleware.rb:17:in `catch'
web-console (4.2.0) lib/web_console/middleware.rb:17:in `call'
actionpack (6.1.5) lib/action_dispatch/middleware/show_exceptions.rb:33:in `call'
railties (6.1.5) lib/rails/rack/logger.rb:37:in `call_app'
railties (6.1.5) lib/rails/rack/logger.rb:26:in `block in call'
activesupport (6.1.5) lib/active_support/tagged_logging.rb:99:in `block in tagged'
activesupport (6.1.5) lib/active_support/tagged_logging.rb:37:in `tagged'
activesupport (6.1.5) lib/active_support/tagged_logging.rb:99:in `tagged'
railties (6.1.5) lib/rails/rack/logger.rb:26:in `call'
sprockets-rails (3.4.2) lib/sprockets/rails/quiet_assets.rb:13:in `call'
actionpack (6.1.5) lib/action_dispatch/middleware/remote_ip.rb:81:in `call'
actionpack (6.1.5) lib/action_dispatch/middleware/request_id.rb:26:in `call'
rack (2.2.3) lib/rack/method_override.rb:24:in `call'
rack (2.2.3) lib/rack/runtime.rb:22:in `call'
activesupport (6.1.5) lib/active_support/cache/strategy/local_cache_middleware.rb:29:in `call'
actionpack (6.1.5) lib/action_dispatch/middleware/executor.rb:14:in `call'
actionpack (6.1.5) lib/action_dispatch/middleware/static.rb:24:in `call'
rack (2.2.3) lib/rack/sendfile.rb:110:in `call'
actionpack (6.1.5) lib/action_dispatch/middleware/host_authorization.rb:148:in `call'
rack-mini-profiler (2.3.4) lib/mini_profiler/profiler.rb:393:in `call'
webpacker (5.4.3) lib/webpacker/dev_server_proxy.rb:25:in `perform_request'
rack-proxy (0.7.2) lib/rack/proxy.rb:67:in `call'
railties (6.1.5) lib/rails/engine.rb:539:in `call'
puma (5.6.2) lib/puma/configuration.rb:252:in `call'
puma (5.6.2) lib/puma/request.rb:77:in `block in handle_request'
puma (5.6.2) lib/puma/thread_pool.rb:340:in `with_force_shutdown'
puma (5.6.2) lib/puma/request.rb:76:in `handle_request'
puma (5.6.2) lib/puma/server.rb:441:in `process_client'
puma (5.6.2) lib/puma/thread_pool.rb:147:in `block in spawn_thread'
Started GET "/publications" for ::1 at 2022-03-28 02:09:05 -0300
Processing by PublicationsController#index as HTML
  Rendering layout layouts/application.html.erb
  Rendering publications/index.html.erb within layouts/application
  Rendered publications/index.html.erb within layouts/application (Duration: 3.6ms | Allocations: 1645)
  Rendered layout layouts/application.html.erb (Duration: 4.4ms | Allocations: 1725)
Completed 500 Internal Server Error in 10ms (ActiveRecord: 0.0ms | Allocations: 2853)


  
ActionView::Template::Error (undefined method `each' for nil:NilClass):
     7:       <th>Precio</th>
     8:     </thead>
     9:   </tr>
    10:     <% @users.each do |user| %>
    11:   <tr>
    12:     <td><%= user.name %></td>
    13:     <td><%= user.description %></td>
  
app/views/publications/index.html.erb:10
Started GET "/publications" for ::1 at 2022-03-28 02:11:12 -0300
Processing by PublicationsController#index as HTML
  Rendering layout layouts/application.html.erb
  Rendering publications/index.html.erb within layouts/application
  [1m[36mPublication Load (2.1ms)[0m  [1m[34mSELECT "publications".* FROM "publications"[0m
  ↳ app/views/publications/index.html.erb:10
  Rendered publications/index.html.erb within layouts/application (Duration: 7.8ms | Allocations: 1136)
[Webpacker] Everything's up-to-date. Nothing to do
  Rendered layout layouts/application.html.erb (Duration: 14.5ms | Allocations: 4380)
Completed 200 OK in 19ms (Views: 14.9ms | ActiveRecord: 2.1ms | Allocations: 5539)


Started GET "/publications" for ::1 at 2022-03-28 02:11:44 -0300
Processing by PublicationsController#index as HTML
  Rendering layout layouts/application.html.erb
  Rendering publications/index.html.erb within layouts/application
  [1m[36mPublication Load (1.9ms)[0m  [1m[34mSELECT "publications".* FROM "publications"[0m
  ↳ app/views/publications/index.html.erb:10
  Rendered publications/index.html.erb within layouts/application (Duration: 7.3ms | Allocations: 1128)
[Webpacker] Everything's up-to-date. Nothing to do
  Rendered layout layouts/application.html.erb (Duration: 13.8ms | Allocations: 4372)
Completed 200 OK in 19ms (Views: 15.3ms | ActiveRecord: 1.9ms | Allocations: 5526)


Started GET "/publications" for ::1 at 2022-03-28 02:11:59 -0300
Processing by PublicationsController#index as HTML
  Rendering layout layouts/application.html.erb
  Rendering publications/index.html.erb within layouts/application
  [1m[36mPublication Load (1.7ms)[0m  [1m[34mSELECT "publications".* FROM "publications"[0m
  ↳ app/views/publications/index.html.erb:10
  Rendered publications/index.html.erb within layouts/application (Duration: 6.7ms | Allocations: 1124)
[Webpacker] Everything's up-to-date. Nothing to do
  Rendered layout layouts/application.html.erb (Duration: 13.4ms | Allocations: 4367)
Completed 200 OK in 18ms (Views: 14.3ms | ActiveRecord: 1.7ms | Allocations: 5520)


Started GET "/publications/new" for ::1 at 2022-03-28 02:12:00 -0300
Processing by PublicationsController#new as HTML
  Rendering layout layouts/application.html.erb
  Rendering publications/new.html.erb within layouts/application
  Rendered publications/new.html.erb within layouts/application (Duration: 2.1ms | Allocations: 1191)
  Rendered layout layouts/application.html.erb (Duration: 3.6ms | Allocations: 1302)
Completed 500 Internal Server Error in 23ms (ActiveRecord: 6.6ms | Allocations: 5874)


  
ActionView::Template::Error (First argument in form cannot contain nil or be empty):
    1: <%= form_for @user do |f| %>
    2:   <div>
    3:     <%= f.label :title %>
    4:     <%= f.text_field :title %>
  
app/views/publications/new.html.erb:1
Started GET "/publications/new" for ::1 at 2022-03-28 02:12:11 -0300
Processing by PublicationsController#new as HTML
  Rendering layout layouts/application.html.erb
  Rendering publications/new.html.erb within layouts/application
  Rendered publications/new.html.erb within layouts/application (Duration: 4.7ms | Allocations: 1284)
[Webpacker] Everything's up-to-date. Nothing to do
  Rendered layout layouts/application.html.erb (Duration: 11.5ms | Allocations: 4527)
Completed 200 OK in 16ms (Views: 14.3ms | ActiveRecord: 0.0ms | Allocations: 5691)


Started POST "/publications" for ::1 at 2022-03-28 02:12:26 -0300
Processing by PublicationsController#create as HTML
  Parameters: {"authenticity_token"=>"[FILTERED]", "publication"=>{"title"=>"buena publicacion", "content"=>"juan", "photo"=>"https://post.medicalnewstoday.com/wp-content/uploads/sites/3/2020/02/322868_1100-800x825.jpg"}, "commit"=>"Create Publication"}
  [1m[36mTRANSACTION (1.5ms)[0m  [1m[35mBEGIN[0m
  ↳ app/controllers/publications_controller.rb:12:in `create'
  [1m[36mPublication Create (2.4ms)[0m  [1m[32mINSERT INTO "publications" ("title", "content", "photo", "created_at", "updated_at") VALUES ($1, $2, $3, $4, $5) RETURNING "id"[0m  [["title", "buena publicacion"], ["content", "juan"], ["photo", "https://post.medicalnewstoday.com/wp-content/uploads/sites/3/2020/02/322868_1100-800x825.jpg"], ["created_at", "2022-03-28 05:12:26.816937"], ["updated_at", "2022-03-28 05:12:26.816937"]]
  ↳ app/controllers/publications_controller.rb:12:in `create'
  [1m[36mTRANSACTION (3.5ms)[0m  [1m[35mCOMMIT[0m
  ↳ app/controllers/publications_controller.rb:12:in `create'
Redirected to http://localhost:3000/publications
Completed 302 Found in 17ms (ActiveRecord: 7.5ms | Allocations: 2606)


Started GET "/publications" for ::1 at 2022-03-28 02:12:26 -0300
Processing by PublicationsController#index as HTML
  Rendering layout layouts/application.html.erb
  Rendering publications/index.html.erb within layouts/application
  [1m[36mPublication Load (1.6ms)[0m  [1m[34mSELECT "publications".* FROM "publications"[0m
  ↳ app/views/publications/index.html.erb:10
  Rendered publications/index.html.erb within layouts/application (Duration: 6.8ms | Allocations: 1228)
[Webpacker] Everything's up-to-date. Nothing to do
  Rendered layout layouts/application.html.erb (Duration: 12.8ms | Allocations: 4294)
Completed 200 OK in 15ms (Views: 12.5ms | ActiveRecord: 1.6ms | Allocations: 4840)


Started GET "/publications/1/edit" for ::1 at 2022-03-28 02:12:31 -0300
Processing by PublicationsController#edit as HTML
  Parameters: {"id"=>"1"}
  [1m[36mPublication Load (1.6ms)[0m  [1m[34mSELECT "publications".* FROM "publications" WHERE "publications"."id" = $1 LIMIT $2[0m  [["id", 1], ["LIMIT", 1]]
  ↳ app/controllers/publications_controller.rb:20:in `edit'
  Rendering layout layouts/application.html.erb
  Rendering publications/edit.html.erb within layouts/application
  Rendered publications/edit.html.erb within layouts/application (Duration: 4.1ms | Allocations: 1172)
[Webpacker] Everything's up-to-date. Nothing to do
  Rendered layout layouts/application.html.erb (Duration: 16.3ms | Allocations: 4841)
Completed 200 OK in 26ms (Views: 17.4ms | ActiveRecord: 1.6ms | Allocations: 6197)


Started PATCH "/publication/1" for ::1 at 2022-03-28 02:12:34 -0300
Processing by PublicationsController#update as HTML
  Parameters: {"authenticity_token"=>"[FILTERED]", "publication"=>{"title"=>"buena publicacion", "content"=>"pepe", "photo"=>"https://post.medicalnewstoday.com/wp-content/uploads/sites/3/2020/02/322868_1100-800x825.jpg"}, "commit"=>"Update Publication", "id"=>"1"}
  [1m[36mPublication Load (1.5ms)[0m  [1m[34mSELECT "publications".* FROM "publications" WHERE "publications"."id" = $1 LIMIT $2[0m  [["id", 1], ["LIMIT", 1]]
  ↳ app/controllers/publications_controller.rb:24:in `update'
  [1m[36mTRANSACTION (1.6ms)[0m  [1m[35mBEGIN[0m
  ↳ app/controllers/publications_controller.rb:25:in `update'
  [1m[36mPublication Update (1.8ms)[0m  [1m[33mUPDATE "publications" SET "content" = $1, "updated_at" = $2 WHERE "publications"."id" = $3[0m  [["content", "pepe"], ["updated_at", "2022-03-28 05:12:34.475317"], ["id", 1]]
  ↳ app/controllers/publications_controller.rb:25:in `update'
  [1m[36mTRANSACTION (2.6ms)[0m  [1m[35mCOMMIT[0m
  ↳ app/controllers/publications_controller.rb:25:in `update'
Redirected to http://localhost:3000/publications
Completed 302 Found in 19ms (ActiveRecord: 7.6ms | Allocations: 3213)


Started GET "/publications" for ::1 at 2022-03-28 02:12:34 -0300
Processing by PublicationsController#index as HTML
  Rendering layout layouts/application.html.erb
  Rendering publications/index.html.erb within layouts/application
  [1m[36mPublication Load (1.8ms)[0m  [1m[34mSELECT "publications".* FROM "publications"[0m
  ↳ app/views/publications/index.html.erb:10
  Rendered publications/index.html.erb within layouts/application (Duration: 6.3ms | Allocations: 994)
[Webpacker] Everything's up-to-date. Nothing to do
  Rendered layout layouts/application.html.erb (Duration: 12.1ms | Allocations: 4059)
Completed 200 OK in 14ms (Views: 11.5ms | ActiveRecord: 1.8ms | Allocations: 4477)


Started DELETE "/publication/1" for ::1 at 2022-03-28 02:12:36 -0300
Processing by PublicationsController#delete as HTML
  Parameters: {"authenticity_token"=>"[FILTERED]", "id"=>"1"}
  [1m[36mPublication Load (1.5ms)[0m  [1m[34mSELECT "publications".* FROM "publications" WHERE "publications"."id" = $1 LIMIT $2[0m  [["id", 1], ["LIMIT", 1]]
  ↳ app/controllers/publications_controller.rb:33:in `delete'
  [1m[36mTRANSACTION (1.6ms)[0m  [1m[35mBEGIN[0m
  ↳ app/controllers/publications_controller.rb:34:in `delete'
  [1m[36mPublication Destroy (1.8ms)[0m  [1m[31mDELETE FROM "publications" WHERE "publications"."id" = $1[0m  [["id", 1]]
  ↳ app/controllers/publications_controller.rb:34:in `delete'
  [1m[36mTRANSACTION (2.7ms)[0m  [1m[35mCOMMIT[0m
  ↳ app/controllers/publications_controller.rb:34:in `delete'
Redirected to http://localhost:3000/publications
Completed 302 Found in 18ms (ActiveRecord: 7.5ms | Allocations: 2801)


Started GET "/publications" for ::1 at 2022-03-28 02:12:36 -0300
Processing by PublicationsController#index as HTML
  Rendering layout layouts/application.html.erb
  Rendering publications/index.html.erb within layouts/application
  [1m[36mPublication Load (2.0ms)[0m  [1m[34mSELECT "publications".* FROM "publications"[0m
  ↳ app/views/publications/index.html.erb:10
  Rendered publications/index.html.erb within layouts/application (Duration: 6.0ms | Allocations: 900)
[Webpacker] Everything's up-to-date. Nothing to do
  Rendered layout layouts/application.html.erb (Duration: 11.7ms | Allocations: 3965)
Completed 200 OK in 14ms (Views: 10.8ms | ActiveRecord: 2.0ms | Allocations: 4382)


